Arguments: 
  /usr/local/bin/node /usr/local/Cellar/yarn/1.9.4/libexec/bin/yarn.js start

PATH: 
  /Users/damoonrashidi/tools/flutter/bin:/Users/damoonrashidi/.composer/vendor/bin:/usr/local/sbin:./node_modules/.bin:/usr/local/bin:/usr/bin:/bin:/usr/sbin:/sbin:/opt/X11/bin:/Users/damoonrashidi/.rvm/gems/ruby-2.2.1/bin:/Users/damoonrashidi/.rvm/gems/ruby-2.2.1@global/bin:/Users/damoonrashidi/.rvm/rubies/ruby-2.2.1/bin:/Users/damoonrashidi/.rvm/bin:/Users/damoonrashidi/tools/arcanist/bin:/Users/damoonrashidi/.rvm/bin:/Library/TeX/Distributions/.DefaultTeX/Contents/Programs/texbin

Yarn version: 
  1.9.4

Node version: 
  10.9.0

Platform: 
  darwin x64

Trace: 
  SyntaxError: /Users/damoonrashidi/labs/ladder/ladder_tensorflow/package.json: Unexpected token } in JSON at position 296
      at JSON.parse (<anonymous>)
      at /usr/local/Cellar/yarn/1.9.4/libexec/lib/cli.js:1130:59
      at Generator.next (<anonymous>)
      at step (/usr/local/Cellar/yarn/1.9.4/libexec/lib/cli.js:92:30)
      at /usr/local/Cellar/yarn/1.9.4/libexec/lib/cli.js:103:13

npm manifest: 
  {
    "name": "ladder_tensorflow",
    "version": "1.0.0",
    "description": "create gamepredictions for future games",
    "main": "index.ts",
    "repository": "https://github.com/damoonrashidi/ladder",
    "author": "Damoon Rashidi",
    "license": "MIT",
    "scripts": {
      "start": "ts-node index.ts",
    },
    "devDependencies": {
      "@types/node": "^10.11.4",
      "typescript": "^3.1.1"
    },
    "dependencies": {
      "@tensorflow/tfjs": "^0.13.1"
    }
  }

yarn manifest: 
  No manifest

Lockfile: 
  # THIS IS AN AUTOGENERATED FILE. DO NOT EDIT THIS FILE DIRECTLY.
  # yarn lockfile v1
  
  
  "@protobufjs/aspromise@^1.1.1", "@protobufjs/aspromise@^1.1.2":
    version "1.1.2"
    resolved "https://registry.yarnpkg.com/@protobufjs/aspromise/-/aspromise-1.1.2.tgz#9b8b0cc663d669a7d8f6f5d0893a14d348f30fbf"
  
  "@protobufjs/base64@^1.1.2":
    version "1.1.2"
    resolved "https://registry.yarnpkg.com/@protobufjs/base64/-/base64-1.1.2.tgz#4c85730e59b9a1f1f349047dbf24296034bb2735"
  
  "@protobufjs/codegen@^2.0.4":
    version "2.0.4"
    resolved "https://registry.yarnpkg.com/@protobufjs/codegen/-/codegen-2.0.4.tgz#7ef37f0d010fb028ad1ad59722e506d9262815cb"
  
  "@protobufjs/eventemitter@^1.1.0":
    version "1.1.0"
    resolved "https://registry.yarnpkg.com/@protobufjs/eventemitter/-/eventemitter-1.1.0.tgz#355cbc98bafad5978f9ed095f397621f1d066b70"
  
  "@protobufjs/fetch@^1.1.0":
    version "1.1.0"
    resolved "https://registry.yarnpkg.com/@protobufjs/fetch/-/fetch-1.1.0.tgz#ba99fb598614af65700c1619ff06d454b0d84c45"
    dependencies:
      "@protobufjs/aspromise" "^1.1.1"
      "@protobufjs/inquire" "^1.1.0"
  
  "@protobufjs/float@^1.0.2":
    version "1.0.2"
    resolved "https://registry.yarnpkg.com/@protobufjs/float/-/float-1.0.2.tgz#5e9e1abdcb73fc0a7cb8b291df78c8cbd97b87d1"
  
  "@protobufjs/inquire@^1.1.0":
    version "1.1.0"
    resolved "https://registry.yarnpkg.com/@protobufjs/inquire/-/inquire-1.1.0.tgz#ff200e3e7cf2429e2dcafc1140828e8cc638f089"
  
  "@protobufjs/path@^1.1.2":
    version "1.1.2"
    resolved "https://registry.yarnpkg.com/@protobufjs/path/-/path-1.1.2.tgz#6cc2b20c5c9ad6ad0dccfd21ca7673d8d7fbf68d"
  
  "@protobufjs/pool@^1.1.0":
    version "1.1.0"
    resolved "https://registry.yarnpkg.com/@protobufjs/pool/-/pool-1.1.0.tgz#09fd15f2d6d3abfa9b65bc366506d6ad7846ff54"
  
  "@protobufjs/utf8@^1.1.0":
    version "1.1.0"
    resolved "https://registry.yarnpkg.com/@protobufjs/utf8/-/utf8-1.1.0.tgz#a777360b5b39a1a2e5106f8e858f2fd2d060c570"
  
  "@tensorflow/tfjs-converter@0.6.1":
    version "0.6.1"
    resolved "https://registry.yarnpkg.com/@tensorflow/tfjs-converter/-/tfjs-converter-0.6.1.tgz#a07ede029434aa54f374fb31b029af9a4e2daa0c"
    dependencies:
      "@types/long" "~3.0.32"
      protobufjs "~6.8.6"
  
  "@tensorflow/tfjs-core@0.13.2":
    version "0.13.2"
    resolved "https://registry.yarnpkg.com/@tensorflow/tfjs-core/-/tfjs-core-0.13.2.tgz#edb0e4b9e42b04ca113a0ce80f211b22e2c85552"
    dependencies:
      "@types/seedrandom" "~2.4.27"
      "@types/webgl-ext" "~0.0.29"
      "@types/webgl2" "~0.0.4"
      seedrandom "~2.4.3"
  
  "@tensorflow/tfjs-layers@0.8.1":
    version "0.8.1"
    resolved "https://registry.yarnpkg.com/@tensorflow/tfjs-layers/-/tfjs-layers-0.8.1.tgz#08173c4ef16090821946d37d41a1fd21011afb00"
  
  "@tensorflow/tfjs@^0.13.1":
    version "0.13.1"
    resolved "https://registry.yarnpkg.com/@tensorflow/tfjs/-/tfjs-0.13.1.tgz#67f5250197bd4da21771ee2d790c057186a6ef20"
    dependencies:
      "@tensorflow/tfjs-converter" "0.6.1"
      "@tensorflow/tfjs-core" "0.13.2"
      "@tensorflow/tfjs-layers" "0.8.1"
  
  "@types/long@^4.0.0":
    version "4.0.0"
    resolved "https://registry.yarnpkg.com/@types/long/-/long-4.0.0.tgz#719551d2352d301ac8b81db732acb6bdc28dbdef"
  
  "@types/long@~3.0.32":
    version "3.0.32"
    resolved "https://registry.yarnpkg.com/@types/long/-/long-3.0.32.tgz#f4e5af31e9e9b196d8e5fca8a5e2e20aa3d60b69"
  
  "@types/node@^10.1.0", "@types/node@^10.11.4":
    version "10.11.4"
    resolved "https://registry.yarnpkg.com/@types/node/-/node-10.11.4.tgz#e8bd933c3f78795d580ae41d86590bfc1f4f389d"
  
  "@types/seedrandom@~2.4.27":
    version "2.4.27"
    resolved "https://registry.yarnpkg.com/@types/seedrandom/-/seedrandom-2.4.27.tgz#9db563937dd86915f69092bc43259d2f48578e41"
  
  "@types/webgl-ext@~0.0.29":
    version "0.0.29"
    resolved "https://registry.yarnpkg.com/@types/webgl-ext/-/webgl-ext-0.0.29.tgz#4d479baf1124795f53d54bdc85b386e0f194d90a"
  
  "@types/webgl2@~0.0.4":
    version "0.0.4"
    resolved "https://registry.yarnpkg.com/@types/webgl2/-/webgl2-0.0.4.tgz#c3b0f9d6b465c66138e84e64cb3bdf8373c2c279"
  
  long@^4.0.0:
    version "4.0.0"
    resolved "https://registry.yarnpkg.com/long/-/long-4.0.0.tgz#9a7b71cfb7d361a194ea555241c92f7468d5bf28"
  
  protobufjs@~6.8.6:
    version "6.8.8"
    resolved "https://registry.yarnpkg.com/protobufjs/-/protobufjs-6.8.8.tgz#c8b4f1282fd7a90e6f5b109ed11c84af82908e7c"
    dependencies:
      "@protobufjs/aspromise" "^1.1.2"
      "@protobufjs/base64" "^1.1.2"
      "@protobufjs/codegen" "^2.0.4"
      "@protobufjs/eventemitter" "^1.1.0"
      "@protobufjs/fetch" "^1.1.0"
      "@protobufjs/float" "^1.0.2"
      "@protobufjs/inquire" "^1.1.0"
      "@protobufjs/path" "^1.1.2"
      "@protobufjs/pool" "^1.1.0"
      "@protobufjs/utf8" "^1.1.0"
      "@types/long" "^4.0.0"
      "@types/node" "^10.1.0"
      long "^4.0.0"
  
  seedrandom@~2.4.3:
    version "2.4.4"
    resolved "https://registry.yarnpkg.com/seedrandom/-/seedrandom-2.4.4.tgz#b25ea98632c73e45f58b77cfaa931678df01f9ba"
  
  typescript@^3.1.1:
    version "3.1.1"
    resolved "https://registry.yarnpkg.com/typescript/-/typescript-3.1.1.tgz#3362ba9dd1e482ebb2355b02dfe8bcd19a2c7c96"
